2023-11-07T11:56:07.637+01:00  INFO 56083 --- [main] com.example.bankapp.BankAppApplication   : Starting BankAppApplication using Java 20.0.1 with PID 56083 (/Users/elenavasileva/IdeaProjects/BankApp/target/classes started by elenavasileva in /Users/elenavasileva/IdeaProjects/BankApp)
2023-11-07T11:56:07.648+01:00  INFO 56083 --- [main] com.example.bankapp.BankAppApplication   : No active profile set, falling back to 1 default profile: "default"
2023-11-07T11:56:09.385+01:00  INFO 56083 --- [main] .s.d.r.c.RepositoryConfigurationDelegate : Bootstrapping Spring Data JPA repositories in DEFAULT mode.
2023-11-07T11:56:09.581+01:00  INFO 56083 --- [main] .s.d.r.c.RepositoryConfigurationDelegate : Finished Spring Data repository scanning in 181 ms. Found 6 JPA repository interfaces.
2023-11-07T11:56:11.217+01:00  INFO 56083 --- [main] o.s.b.w.embedded.tomcat.TomcatWebServer  : Tomcat initialized with port(s): 8080 (http)
2023-11-07T11:56:11.231+01:00  INFO 56083 --- [main] o.apache.catalina.core.StandardService   : Starting service [Tomcat]
2023-11-07T11:56:11.232+01:00  INFO 56083 --- [main] o.apache.catalina.core.StandardEngine    : Starting Servlet engine: [Apache Tomcat/10.1.13]
2023-11-07T11:56:11.405+01:00  INFO 56083 --- [main] o.a.c.c.C.[Tomcat].[localhost].[/]       : Initializing Spring embedded WebApplicationContext
2023-11-07T11:56:11.405+01:00  INFO 56083 --- [main] w.s.c.ServletWebServerApplicationContext : Root WebApplicationContext: initialization completed in 3649 ms
2023-11-07T11:56:11.932+01:00  INFO 56083 --- [main] com.zaxxer.hikari.HikariDataSource       : HikariPool-1 - Starting...
2023-11-07T11:56:12.980+01:00  INFO 56083 --- [main] com.zaxxer.hikari.pool.HikariPool        : HikariPool-1 - Added connection com.mysql.cj.jdbc.ConnectionImpl@64dc86c6
2023-11-07T11:56:12.984+01:00  INFO 56083 --- [main] com.zaxxer.hikari.HikariDataSource       : HikariPool-1 - Start completed.
2023-11-07T11:56:14.285+01:00  INFO 56083 --- [main] liquibase.changelog                      : Reading from bankapp.DATABASECHANGELOG
2023-11-07T11:56:14.323+01:00  INFO 56083 --- [main] liquibase.executor                       : Changelog query completed.
2023-11-07T11:56:14.834+01:00  INFO 56083 --- [main] o.hibernate.jpa.internal.util.LogHelper  : HHH000204: Processing PersistenceUnitInfo [name: default]
2023-11-07T11:56:14.957+01:00  INFO 56083 --- [main] org.hibernate.Version                    : HHH000412: Hibernate ORM core version 6.2.9.Final
2023-11-07T11:56:14.960+01:00  INFO 56083 --- [main] org.hibernate.cfg.Environment            : HHH000406: Using bytecode reflection optimizer
2023-11-07T11:56:15.298+01:00  INFO 56083 --- [main] o.h.b.i.BytecodeProviderInitiator        : HHH000021: Bytecode provider name : bytebuddy
2023-11-07T11:56:15.737+01:00  INFO 56083 --- [main] o.s.o.j.p.SpringPersistenceUnitInfo      : No LoadTimeWeaver setup: ignoring JPA class transformer
2023-11-07T11:56:16.407+01:00  INFO 56083 --- [main] o.h.b.i.BytecodeProviderInitiator        : HHH000021: Bytecode provider name : bytebuddy
2023-11-07T11:56:17.887+01:00  INFO 56083 --- [main] o.h.e.t.j.p.i.JtaPlatformInitiator       : HHH000490: Using JtaPlatform implementation: [org.hibernate.engine.transaction.jta.platform.internal.NoJtaPlatform]
2023-11-07T11:56:17.891+01:00  INFO 56083 --- [main] j.LocalContainerEntityManagerFactoryBean : Initialized JPA EntityManagerFactory for persistence unit 'default'
2023-11-07T11:56:19.406+01:00  INFO 56083 --- [main] o.s.d.j.r.query.QueryEnhancerFactory     : Hibernate is in classpath; If applicable, HQL parser will be used.
2023-11-07T11:56:22.695+01:00  WARN 56083 --- [main] ConfigServletWebServerApplicationContext : Exception encountered during context initialization - cancelling refresh attempt: org.springframework.context.ApplicationContextException: Failed to start bean 'webServerStartStop'
2023-11-07T11:56:22.697+01:00  INFO 56083 --- [main] j.LocalContainerEntityManagerFactoryBean : Closing JPA EntityManagerFactory for persistence unit 'default'
2023-11-07T11:56:22.700+01:00  INFO 56083 --- [main] com.zaxxer.hikari.HikariDataSource       : HikariPool-1 - Shutdown initiated...
2023-11-07T11:56:22.725+01:00  INFO 56083 --- [main] com.zaxxer.hikari.HikariDataSource       : HikariPool-1 - Shutdown completed.
2023-11-07T11:56:22.727+01:00  INFO 56083 --- [main] o.apache.catalina.core.StandardService   : Stopping service [Tomcat]
2023-11-07T11:56:22.744+01:00  INFO 56083 --- [main] .s.b.a.l.ConditionEvaluationReportLogger : 

Error starting ApplicationContext. To display the condition evaluation report re-run your application with 'debug' enabled.
2023-11-07T11:56:22.782+01:00 ERROR 56083 --- [main] o.s.b.d.LoggingFailureAnalysisReporter   : 

***************************
APPLICATION FAILED TO START
***************************

Description:

Web server failed to start. Port 8080 was already in use.

Action:

Identify and stop the process that's listening on port 8080 or configure this application to listen on another port.

2023-11-07T11:57:14.047+01:00  INFO 56117 --- [main] com.example.bankapp.BankAppApplication   : Starting BankAppApplication using Java 20.0.1 with PID 56117 (/Users/elenavasileva/IdeaProjects/BankApp/target/classes started by elenavasileva in /Users/elenavasileva/IdeaProjects/BankApp)
2023-11-07T11:57:14.061+01:00  INFO 56117 --- [main] com.example.bankapp.BankAppApplication   : No active profile set, falling back to 1 default profile: "default"
2023-11-07T11:57:16.525+01:00  INFO 56117 --- [main] .s.d.r.c.RepositoryConfigurationDelegate : Bootstrapping Spring Data JPA repositories in DEFAULT mode.
2023-11-07T11:57:16.739+01:00  INFO 56117 --- [main] .s.d.r.c.RepositoryConfigurationDelegate : Finished Spring Data repository scanning in 196 ms. Found 6 JPA repository interfaces.
2023-11-07T11:57:21.587+01:00  INFO 56117 --- [main] o.s.b.w.embedded.tomcat.TomcatWebServer  : Tomcat initialized with port(s): 8080 (http)
2023-11-07T11:57:21.608+01:00  INFO 56117 --- [main] o.apache.catalina.core.StandardService   : Starting service [Tomcat]
2023-11-07T11:57:21.608+01:00  INFO 56117 --- [main] o.apache.catalina.core.StandardEngine    : Starting Servlet engine: [Apache Tomcat/10.1.13]
2023-11-07T11:57:21.837+01:00  INFO 56117 --- [main] o.a.c.c.C.[Tomcat].[localhost].[/]       : Initializing Spring embedded WebApplicationContext
2023-11-07T11:57:21.848+01:00  INFO 56117 --- [main] w.s.c.ServletWebServerApplicationContext : Root WebApplicationContext: initialization completed in 7622 ms
2023-11-07T11:57:22.292+01:00  INFO 56117 --- [main] com.zaxxer.hikari.HikariDataSource       : HikariPool-1 - Starting...
2023-11-07T11:57:23.081+01:00  INFO 56117 --- [main] com.zaxxer.hikari.pool.HikariPool        : HikariPool-1 - Added connection com.mysql.cj.jdbc.ConnectionImpl@5f3b84bd
2023-11-07T11:57:23.083+01:00  INFO 56117 --- [main] com.zaxxer.hikari.HikariDataSource       : HikariPool-1 - Start completed.
2023-11-07T11:57:24.430+01:00  INFO 56117 --- [main] liquibase.changelog                      : Reading from bankapp.DATABASECHANGELOG
2023-11-07T11:57:24.446+01:00  INFO 56117 --- [main] liquibase.executor                       : Changelog query completed.
2023-11-07T11:57:24.990+01:00  INFO 56117 --- [main] o.hibernate.jpa.internal.util.LogHelper  : HHH000204: Processing PersistenceUnitInfo [name: default]
2023-11-07T11:57:25.118+01:00  INFO 56117 --- [main] org.hibernate.Version                    : HHH000412: Hibernate ORM core version 6.2.9.Final
2023-11-07T11:57:25.123+01:00  INFO 56117 --- [main] org.hibernate.cfg.Environment            : HHH000406: Using bytecode reflection optimizer
2023-11-07T11:57:25.519+01:00  INFO 56117 --- [main] o.h.b.i.BytecodeProviderInitiator        : HHH000021: Bytecode provider name : bytebuddy
2023-11-07T11:57:25.883+01:00  INFO 56117 --- [main] o.s.o.j.p.SpringPersistenceUnitInfo      : No LoadTimeWeaver setup: ignoring JPA class transformer
2023-11-07T11:57:26.807+01:00  INFO 56117 --- [main] o.h.b.i.BytecodeProviderInitiator        : HHH000021: Bytecode provider name : bytebuddy
2023-11-07T11:57:28.718+01:00  INFO 56117 --- [main] o.h.e.t.j.p.i.JtaPlatformInitiator       : HHH000490: Using JtaPlatform implementation: [org.hibernate.engine.transaction.jta.platform.internal.NoJtaPlatform]
2023-11-07T11:57:28.726+01:00  INFO 56117 --- [main] j.LocalContainerEntityManagerFactoryBean : Initialized JPA EntityManagerFactory for persistence unit 'default'
2023-11-07T11:57:30.487+01:00  INFO 56117 --- [main] o.s.d.j.r.query.QueryEnhancerFactory     : Hibernate is in classpath; If applicable, HQL parser will be used.
2023-11-07T11:57:34.700+01:00  WARN 56117 --- [main] ConfigServletWebServerApplicationContext : Exception encountered during context initialization - cancelling refresh attempt: org.springframework.context.ApplicationContextException: Failed to start bean 'webServerStartStop'
2023-11-07T11:57:34.703+01:00  INFO 56117 --- [main] j.LocalContainerEntityManagerFactoryBean : Closing JPA EntityManagerFactory for persistence unit 'default'
2023-11-07T11:57:34.709+01:00  INFO 56117 --- [main] com.zaxxer.hikari.HikariDataSource       : HikariPool-1 - Shutdown initiated...
2023-11-07T11:57:34.739+01:00  INFO 56117 --- [main] com.zaxxer.hikari.HikariDataSource       : HikariPool-1 - Shutdown completed.
2023-11-07T11:57:34.746+01:00  INFO 56117 --- [main] o.apache.catalina.core.StandardService   : Stopping service [Tomcat]
2023-11-07T11:57:34.776+01:00  INFO 56117 --- [main] .s.b.a.l.ConditionEvaluationReportLogger : 

Error starting ApplicationContext. To display the condition evaluation report re-run your application with 'debug' enabled.
2023-11-07T11:57:34.818+01:00 ERROR 56117 --- [main] o.s.b.d.LoggingFailureAnalysisReporter   : 

***************************
APPLICATION FAILED TO START
***************************

Description:

Web server failed to start. Port 8080 was already in use.

Action:

Identify and stop the process that's listening on port 8080 or configure this application to listen on another port.

2023-11-07T11:58:05.439+01:00  INFO 56164 --- [main] com.example.bankapp.BankAppApplication   : Starting BankAppApplication using Java 20.0.1 with PID 56164 (/Users/elenavasileva/IdeaProjects/BankApp/target/classes started by elenavasileva in /Users/elenavasileva/IdeaProjects/BankApp)
2023-11-07T11:58:05.445+01:00  INFO 56164 --- [main] com.example.bankapp.BankAppApplication   : No active profile set, falling back to 1 default profile: "default"
2023-11-07T11:58:07.084+01:00  INFO 56164 --- [main] .s.d.r.c.RepositoryConfigurationDelegate : Bootstrapping Spring Data JPA repositories in DEFAULT mode.
2023-11-07T11:58:07.277+01:00  INFO 56164 --- [main] .s.d.r.c.RepositoryConfigurationDelegate : Finished Spring Data repository scanning in 176 ms. Found 6 JPA repository interfaces.
2023-11-07T11:58:09.053+01:00  INFO 56164 --- [main] o.s.b.w.embedded.tomcat.TomcatWebServer  : Tomcat initialized with port(s): 8080 (http)
2023-11-07T11:58:09.071+01:00  INFO 56164 --- [main] o.apache.catalina.core.StandardService   : Starting service [Tomcat]
2023-11-07T11:58:09.072+01:00  INFO 56164 --- [main] o.apache.catalina.core.StandardEngine    : Starting Servlet engine: [Apache Tomcat/10.1.13]
2023-11-07T11:58:09.272+01:00  INFO 56164 --- [main] o.a.c.c.C.[Tomcat].[localhost].[/]       : Initializing Spring embedded WebApplicationContext
2023-11-07T11:58:09.273+01:00  INFO 56164 --- [main] w.s.c.ServletWebServerApplicationContext : Root WebApplicationContext: initialization completed in 3685 ms
2023-11-07T11:58:09.762+01:00  INFO 56164 --- [main] com.zaxxer.hikari.HikariDataSource       : HikariPool-1 - Starting...
2023-11-07T11:58:10.582+01:00  INFO 56164 --- [main] com.zaxxer.hikari.pool.HikariPool        : HikariPool-1 - Added connection com.mysql.cj.jdbc.ConnectionImpl@1815577b
2023-11-07T11:58:10.587+01:00  INFO 56164 --- [main] com.zaxxer.hikari.HikariDataSource       : HikariPool-1 - Start completed.
2023-11-07T11:58:12.338+01:00  INFO 56164 --- [main] liquibase.changelog                      : Reading from bankapp.DATABASECHANGELOG
2023-11-07T11:58:12.376+01:00  INFO 56164 --- [main] liquibase.executor                       : Changelog query completed.
2023-11-07T11:58:13.244+01:00  INFO 56164 --- [main] o.hibernate.jpa.internal.util.LogHelper  : HHH000204: Processing PersistenceUnitInfo [name: default]
2023-11-07T11:58:13.470+01:00  INFO 56164 --- [main] org.hibernate.Version                    : HHH000412: Hibernate ORM core version 6.2.9.Final
2023-11-07T11:58:13.477+01:00  INFO 56164 --- [main] org.hibernate.cfg.Environment            : HHH000406: Using bytecode reflection optimizer
2023-11-07T11:58:13.889+01:00  INFO 56164 --- [main] o.h.b.i.BytecodeProviderInitiator        : HHH000021: Bytecode provider name : bytebuddy
2023-11-07T11:58:14.498+01:00  INFO 56164 --- [main] o.s.o.j.p.SpringPersistenceUnitInfo      : No LoadTimeWeaver setup: ignoring JPA class transformer
2023-11-07T11:58:15.369+01:00  INFO 56164 --- [main] o.h.b.i.BytecodeProviderInitiator        : HHH000021: Bytecode provider name : bytebuddy
2023-11-07T11:58:17.090+01:00  INFO 56164 --- [main] o.h.e.t.j.p.i.JtaPlatformInitiator       : HHH000490: Using JtaPlatform implementation: [org.hibernate.engine.transaction.jta.platform.internal.NoJtaPlatform]
2023-11-07T11:58:17.097+01:00  INFO 56164 --- [main] j.LocalContainerEntityManagerFactoryBean : Initialized JPA EntityManagerFactory for persistence unit 'default'
2023-11-07T11:58:18.509+01:00  INFO 56164 --- [main] o.s.d.j.r.query.QueryEnhancerFactory     : Hibernate is in classpath; If applicable, HQL parser will be used.
2023-11-07T11:58:22.523+01:00  WARN 56164 --- [main] ConfigServletWebServerApplicationContext : Exception encountered during context initialization - cancelling refresh attempt: org.springframework.context.ApplicationContextException: Failed to start bean 'webServerStartStop'
2023-11-07T11:58:22.526+01:00  INFO 56164 --- [main] j.LocalContainerEntityManagerFactoryBean : Closing JPA EntityManagerFactory for persistence unit 'default'
2023-11-07T11:58:22.529+01:00  INFO 56164 --- [main] com.zaxxer.hikari.HikariDataSource       : HikariPool-1 - Shutdown initiated...
2023-11-07T11:58:22.571+01:00  INFO 56164 --- [main] com.zaxxer.hikari.HikariDataSource       : HikariPool-1 - Shutdown completed.
2023-11-07T11:58:22.573+01:00  INFO 56164 --- [main] o.apache.catalina.core.StandardService   : Stopping service [Tomcat]
2023-11-07T11:58:22.601+01:00  INFO 56164 --- [main] .s.b.a.l.ConditionEvaluationReportLogger : 

Error starting ApplicationContext. To display the condition evaluation report re-run your application with 'debug' enabled.
2023-11-07T11:58:22.669+01:00 ERROR 56164 --- [main] o.s.b.d.LoggingFailureAnalysisReporter   : 

***************************
APPLICATION FAILED TO START
***************************

Description:

Web server failed to start. Port 8080 was already in use.

Action:

Identify and stop the process that's listening on port 8080 or configure this application to listen on another port.

