2023-12-14T00:35:51.831+01:00  WARN 44393 --- [HikariPool-1 housekeeper] com.zaxxer.hikari.pool.HikariPool        : HikariPool-1 - Thread starvation or clock leap detected (housekeeper delta=2h25s853ms).
2023-12-14T04:37:19.955+01:00  WARN 44393 --- [HikariPool-1 housekeeper] com.zaxxer.hikari.pool.HikariPool        : HikariPool-1 - Thread starvation or clock leap detected (housekeeper delta=4h1m28s124ms).
2023-12-14T08:36:24.559+01:00  WARN 44393 --- [HikariPool-1 housekeeper] com.zaxxer.hikari.pool.HikariPool        : HikariPool-1 - Thread starvation or clock leap detected (housekeeper delta=3h59m4s604ms).
2023-12-14T08:50:26.135+01:00  WARN 44393 --- [HikariPool-1 housekeeper] com.zaxxer.hikari.pool.HikariPool        : HikariPool-1 - Thread starvation or clock leap detected (housekeeper delta=14m1s576ms).
2023-12-14T12:12:01.543+01:00  WARN 44393 --- [HikariPool-1 housekeeper] com.zaxxer.hikari.pool.HikariPool        : HikariPool-1 - Thread starvation or clock leap detected (housekeeper delta=3h21m35s408ms).
2023-12-14T12:16:26.053+01:00  INFO 44393 --- [SpringApplicationShutdownHook] j.LocalContainerEntityManagerFactoryBean : Closing JPA EntityManagerFactory for persistence unit 'default'
2023-12-14T12:16:26.081+01:00  INFO 44393 --- [SpringApplicationShutdownHook] com.zaxxer.hikari.HikariDataSource       : HikariPool-1 - Shutdown initiated...
2023-12-14T12:16:26.106+01:00  INFO 44393 --- [SpringApplicationShutdownHook] com.zaxxer.hikari.HikariDataSource       : HikariPool-1 - Shutdown completed.
2023-12-14T12:16:37.102+01:00  INFO 86419 --- [main] com.example.bankapp.BankAppApplication   : Starting BankAppApplication using Java 20.0.1 with PID 86419 (/Users/elenavasileva/IdeaProjects/BankApp/target/classes started by elenavasileva in /Users/elenavasileva/IdeaProjects/BankApp)
2023-12-14T12:16:37.105+01:00  INFO 86419 --- [main] com.example.bankapp.BankAppApplication   : No active profile set, falling back to 1 default profile: "default"
2023-12-14T12:16:38.511+01:00  INFO 86419 --- [main] .s.d.r.c.RepositoryConfigurationDelegate : Bootstrapping Spring Data JPA repositories in DEFAULT mode.
2023-12-14T12:16:38.634+01:00  INFO 86419 --- [main] .s.d.r.c.RepositoryConfigurationDelegate : Finished Spring Data repository scanning in 108 ms. Found 6 JPA repository interfaces.
2023-12-14T12:16:39.978+01:00  INFO 86419 --- [main] o.s.b.w.embedded.tomcat.TomcatWebServer  : Tomcat initialized with port(s): 8080 (http)
2023-12-14T12:16:39.997+01:00  INFO 86419 --- [main] o.apache.catalina.core.StandardService   : Starting service [Tomcat]
2023-12-14T12:16:39.998+01:00  INFO 86419 --- [main] o.apache.catalina.core.StandardEngine    : Starting Servlet engine: [Apache Tomcat/10.1.13]
2023-12-14T12:16:40.145+01:00  INFO 86419 --- [main] o.a.c.c.C.[Tomcat].[localhost].[/]       : Initializing Spring embedded WebApplicationContext
2023-12-14T12:16:40.146+01:00  INFO 86419 --- [main] w.s.c.ServletWebServerApplicationContext : Root WebApplicationContext: initialization completed in 2987 ms
2023-12-14T12:16:40.511+01:00  INFO 86419 --- [main] com.zaxxer.hikari.HikariDataSource       : HikariPool-1 - Starting...
2023-12-14T12:16:41.179+01:00  INFO 86419 --- [main] com.zaxxer.hikari.pool.HikariPool        : HikariPool-1 - Added connection com.mysql.cj.jdbc.ConnectionImpl@995ad50
2023-12-14T12:16:41.183+01:00  INFO 86419 --- [main] com.zaxxer.hikari.HikariDataSource       : HikariPool-1 - Start completed.
2023-12-14T12:16:42.107+01:00  INFO 86419 --- [main] liquibase.changelog                      : Reading from bankapp.DATABASECHANGELOG
2023-12-14T12:16:42.117+01:00  INFO 86419 --- [main] liquibase.executor                       : Changelog query completed.
2023-12-14T12:16:42.350+01:00  INFO 86419 --- [main] o.hibernate.jpa.internal.util.LogHelper  : HHH000204: Processing PersistenceUnitInfo [name: default]
2023-12-14T12:16:42.480+01:00  INFO 86419 --- [main] org.hibernate.Version                    : HHH000412: Hibernate ORM core version 6.2.9.Final
2023-12-14T12:16:42.484+01:00  INFO 86419 --- [main] org.hibernate.cfg.Environment            : HHH000406: Using bytecode reflection optimizer
2023-12-14T12:16:42.717+01:00  INFO 86419 --- [main] o.h.b.i.BytecodeProviderInitiator        : HHH000021: Bytecode provider name : bytebuddy
2023-12-14T12:16:42.957+01:00  INFO 86419 --- [main] o.s.o.j.p.SpringPersistenceUnitInfo      : No LoadTimeWeaver setup: ignoring JPA class transformer
2023-12-14T12:16:43.390+01:00  INFO 86419 --- [main] o.h.b.i.BytecodeProviderInitiator        : HHH000021: Bytecode provider name : bytebuddy
2023-12-14T12:16:44.678+01:00  INFO 86419 --- [main] o.h.e.t.j.p.i.JtaPlatformInitiator       : HHH000490: Using JtaPlatform implementation: [org.hibernate.engine.transaction.jta.platform.internal.NoJtaPlatform]
2023-12-14T12:16:44.682+01:00  INFO 86419 --- [main] j.LocalContainerEntityManagerFactoryBean : Initialized JPA EntityManagerFactory for persistence unit 'default'
2023-12-14T12:16:45.331+01:00  INFO 86419 --- [main] o.s.d.j.r.query.QueryEnhancerFactory     : Hibernate is in classpath; If applicable, HQL parser will be used.
2023-12-14T12:16:47.725+01:00  INFO 86419 --- [main] o.s.s.web.DefaultSecurityFilterChain     : Will secure any request with [org.springframework.security.web.session.DisableEncodeUrlFilter@76b93bb9, org.springframework.security.web.context.request.async.WebAsyncManagerIntegrationFilter@398f6f04, org.springframework.security.web.context.SecurityContextHolderFilter@1c68601b, org.springframework.security.web.header.HeaderWriterFilter@b521697, org.springframework.security.web.authentication.logout.LogoutFilter@2809e7ab, com.example.bankapp.security.JwtFilter@43b9ef41, org.springframework.security.web.savedrequest.RequestCacheAwareFilter@412b4aed, org.springframework.security.web.servletapi.SecurityContextHolderAwareRequestFilter@12139db0, org.springframework.security.web.authentication.AnonymousAuthenticationFilter@3b0305dd, org.springframework.security.web.session.SessionManagementFilter@6329d89f, org.springframework.security.web.access.ExceptionTranslationFilter@301da01d, org.springframework.security.web.access.intercept.AuthorizationFilter@1752ab9b]
2023-12-14T12:16:48.616+01:00  INFO 86419 --- [main] o.s.b.w.embedded.tomcat.TomcatWebServer  : Tomcat started on port(s): 8080 (http) with context path ''
2023-12-14T12:16:48.632+01:00  INFO 86419 --- [main] com.example.bankapp.BankAppApplication   : Started BankAppApplication in 12.588 seconds (process running for 14.198)
